<?xml version="1.0" encoding="UTF-8"?>
<testng-results skipped="0" failed="0" total="2" passed="2">
  <reporter-output>
  </reporter-output>
  <suite name="Suite" duration-ms="19848" started-at="2021-02-01T11:03:08Z" finished-at="2021-02-01T11:03:28Z">
    <groups>
    </groups>
    <test name="Test" duration-ms="19848" started-at="2021-02-01T11:03:08Z" finished-at="2021-02-01T11:03:28Z">
      <class name="com.test.testcode.TestTwo">
        <test-method status="PASS" signature="demo()[pri:0, instance:com.test.testcode.TestTwo@96532d6]" name="demo" duration-ms="4046" started-at="2021-02-01T16:33:23Z" finished-at="2021-02-01T16:33:28Z">
          <reporter-output>
          </reporter-output>
        </test-method> <!-- demo -->
      </class> <!-- com.test.testcode.TestTwo -->
      <class name="com.test.testcode.TestOne">
        <test-method status="PASS" signature="test()[pri:0, instance:com.test.testcode.TestOne@2812cbfa]" name="test" duration-ms="15787" started-at="2021-02-01T16:33:08Z" finished-at="2021-02-01T16:33:23Z">
          <reporter-output>
          </reporter-output>
        </test-method> <!-- test -->
      </class> <!-- com.test.testcode.TestOne -->
    </test> <!-- Test -->
  </suite> <!-- Suite -->
</testng-results>
