<?xml version="1.0" encoding="UTF-8"?>
<testng-results skipped="0" failed="0" total="2" passed="2">
  <reporter-output>
  </reporter-output>
  <suite name="Suite" duration-ms="27727" started-at="2021-02-01T10:45:17Z" finished-at="2021-02-01T10:45:45Z">
    <groups>
    </groups>
    <test name="Test" duration-ms="27727" started-at="2021-02-01T10:45:17Z" finished-at="2021-02-01T10:45:45Z">
      <class name="com.test.testcode.TestTwo">
        <test-method status="PASS" signature="demo()[pri:0, instance:com.test.testcode.TestTwo@724af044]" name="demo" duration-ms="6373" started-at="2021-02-01T16:15:38Z" finished-at="2021-02-01T16:15:45Z">
          <reporter-output>
          </reporter-output>
        </test-method> <!-- demo -->
      </class> <!-- com.test.testcode.TestTwo -->
      <class name="com.test.testcode.TestOne">
        <test-method status="PASS" signature="test()[pri:0, instance:com.test.testcode.TestOne@457e2f02]" name="test" duration-ms="21341" started-at="2021-02-01T16:15:17Z" finished-at="2021-02-01T16:15:38Z">
          <reporter-output>
          </reporter-output>
        </test-method> <!-- test -->
      </class> <!-- com.test.testcode.TestOne -->
    </test> <!-- Test -->
  </suite> <!-- Suite -->
</testng-results>
